<?xml version="1.0" encoding="UTF-8"?>
<testng-results total="1" passed="1" failed="0" skipped="0">
  <reporter-output>
  </reporter-output>
  <suite started-at="2024-01-26T10:23:00Z" name="test.com.GoogleSearchTest" finished-at="2024-01-26T10:23:05Z" duration-ms="5085">
    <groups>
    </groups>
    <test started-at="2024-01-26T10:23:00Z" name="Command line test" finished-at="2024-01-26T10:23:05Z" duration-ms="5085">
      <class name="test.com.GoogleSearchTest">
        <test-method is-config="true" signature="setUpClass()[pri:0, instance:test.com.GoogleSearchTest@6b9651f3]" started-at="2024-01-26T11:23:00Z" name="setUpClass" finished-at="2024-01-26T11:23:00Z" duration-ms="7" status="PASS">
          <reporter-output>
          </reporter-output>
        </test-method> <!-- setUpClass -->
        <test-method is-config="true" signature="setUpMethod()[pri:0, instance:test.com.GoogleSearchTest@6b9651f3]" started-at="2024-01-26T11:23:00Z" name="setUpMethod" finished-at="2024-01-26T11:23:02Z" duration-ms="1603" status="PASS">
          <reporter-output>
          </reporter-output>
        </test-method> <!-- setUpMethod -->
        <test-method signature="testCSS()[pri:0, instance:test.com.GoogleSearchTest@6b9651f3]" started-at="2024-01-26T11:23:02Z" name="testCSS" finished-at="2024-01-26T11:23:05Z" duration-ms="3289" status="PASS">
          <reporter-output>
          </reporter-output>
        </test-method> <!-- testCSS -->
        <test-method is-config="true" signature="tearDownMethod()[pri:0, instance:test.com.GoogleSearchTest@6b9651f3]" started-at="2024-01-26T11:23:05Z" name="tearDownMethod" finished-at="2024-01-26T11:23:05Z" duration-ms="177" status="PASS">
          <reporter-output>
          </reporter-output>
        </test-method> <!-- tearDownMethod -->
        <test-method is-config="true" signature="tearDownClass()[pri:0, instance:test.com.GoogleSearchTest@6b9651f3]" started-at="2024-01-26T11:23:05Z" name="tearDownClass" finished-at="2024-01-26T11:23:05Z" duration-ms="1" status="PASS">
          <reporter-output>
          </reporter-output>
        </test-method> <!-- tearDownClass -->
      </class> <!-- test.com.GoogleSearchTest -->
    </test> <!-- Command line test -->
  </suite> <!-- test.com.GoogleSearchTest -->
</testng-results>
